<?xml version="1.0" encoding="UTF-8"?>
<testsuite xmlns:xsi="http://www.w3.org/2001/XMLSchema-instance" xsi:noNamespaceSchemaLocation="https://maven.apache.org/surefire/maven-surefire-plugin/xsd/surefire-test-report-3.0.xsd" version="3.0" name="br.com.bookrestaurant.external.api.RestaurantApiControllerIT$RegisterRestaurant" time="0.834" tests="3" errors="0" skipped="0" failures="0">
  <properties>
[...]
</properties>
  <testcase name="testShoudRegisterRestaurant" classname="br.com.bookrestaurant.external.api.RestaurantApiControllerIT$RegisterRestaurant" time="0.621">
    <system-out><![CDATA[2024-05-01T14:26:03.199-03:00  INFO 67424 --- [           main] t.c.s.AnnotationConfigContextLoaderUtils : Could not detect default configuration classes for test class [br.com.bookrestaurant.external.api.RestaurantApiControllerIT$RegisterRestaurant]: RegisterRestaurant does not declare any static, non-private, non-final, nested classes annotated with @Configuration.
2024-05-01T14:26:03.205-03:00  INFO 67424 --- [           main] .b.t.c.SpringBootTestContextBootstrapper : Found @SpringBootConfiguration br.com.bookrestaurant.BookRestaurantApp for test class br.com.bookrestaurant.external.api.RestaurantApiControllerIT$RegisterRestaurant
]]></system-out>
  </testcase>
  <testcase name="testShoudRegisterRestaurantBadRequestArgumentsNotValid" classname="br.com.bookrestaurant.external.api.RestaurantApiControllerIT$RegisterRestaurant" time="0.096">
    <system-out><![CDATA[2024-05-01T14:26:03.926-03:00 ERROR 67424 --- [o-auto-1-exec-5] b.c.b.e.config.ErrorsHandlerConfig       : org.springframework.web.bind.MethodArgumentNotValidException: Validation failed for argument [0] in public org.springframework.http.ResponseEntity<br.com.bookrestaurant.external.dto.RestaurantDto> br.com.bookrestaurant.external.api.RestaurantApiController.register(br.com.bookrestaurant.external.dto.RestaurantDto) with 5 errors: [Field error in object 'restaurantDto' on field 'typeOfCuisine': rejected value [null]; codes [NotNull.restaurantDto.typeOfCuisine,NotNull.typeOfCuisine,NotNull.java.lang.String,NotNull]; arguments [org.springframework.context.support.DefaultMessageSourceResolvable: codes [restaurantDto.typeOfCuisine,typeOfCuisine]; arguments []; default message [typeOfCuisine]]; default message [não deve ser nulo]] [Field error in object 'restaurantDto' on field 'name': rejected value [null]; codes [NotNull.restaurantDto.name,NotNull.name,NotNull.java.lang.String,NotNull]; arguments [org.springframework.context.support.DefaultMessageSourceResolvable: codes [restaurantDto.name,name]; arguments []; default message [name]]; default message [não deve ser nulo]] [Field error in object 'restaurantDto' on field 'openingHours': rejected value [null]; codes [NotEmpty.restaurantDto.openingHours,NotEmpty.openingHours,NotEmpty.java.util.List,NotEmpty]; arguments [org.springframework.context.support.DefaultMessageSourceResolvable: codes [restaurantDto.openingHours,openingHours]; arguments []; default message [openingHours]]; default message [não deve estar vazio]] [Field error in object 'restaurantDto' on field 'address': rejected value [null]; codes [NotNull.restaurantDto.address,NotNull.address,NotNull.br.com.bookrestaurant.external.dto.AddressDto,NotNull]; arguments [org.springframework.context.support.DefaultMessageSourceResolvable: codes [restaurantDto.address,address]; arguments []; default message [address]]; default message [não deve ser nulo]] [Field error in object 'restaurantDto' on field 'capacity': rejected value [null]; codes [NotNull.restaurantDto.capacity,NotNull.capacity,NotNull.java.lang.Integer,NotNull]; arguments [org.springframework.context.support.DefaultMessageSourceResolvable: codes [restaurantDto.capacity,capacity]; arguments []; default message [capacity]]; default message [não deve ser nulo]] 
]]></system-out>
  </testcase>
  <testcase name="testShoudRegisterRestaurantBadRequest" classname="br.com.bookrestaurant.external.api.RestaurantApiControllerIT$RegisterRestaurant" time="0.071">
    <system-out><![CDATA[2024-05-01T14:26:04.011-03:00 ERROR 67424 --- [o-auto-1-exec-8] b.c.b.e.config.ErrorsHandlerConfig       : br.com.bookrestaurant.entity.restaurant.exception.RestaurantInvalidException: Lista de horários de funcionamento não deve conter dias repetidos
]]></system-out>
  </testcase>
</testsuite>