<?xml version="1.0" encoding="UTF-8"?>
<testsuite xmlns:xsi="http://www.w3.org/2001/XMLSchema-instance" xsi:noNamespaceSchemaLocation="https://maven.apache.org/surefire/maven-surefire-plugin/xsd/surefire-test-report-3.0.xsd" version="3.0" name="br.com.bookrestaurant.entity.restaurant.OpeningHourTest" time="0.044" tests="5" errors="0" skipped="0" failures="0">
  <properties>
[...]
</properties>
  <testcase name="testShouldThrowExceptionWhenRegisterDayOpeningHourWithDayCodeInvalid" classname="br.com.bookrestaurant.entity.restaurant.OpeningHourTest" time="0.001"/>
  <testcase name="testShouldThrowExceptionWhenRegisterDayOpeningHourWithCodeNull" classname="br.com.bookrestaurant.entity.restaurant.OpeningHourTest" time="0.002"/>
  <testcase name="testShouldThrowExceptionWhenRegisterDayOpeningHourWithHourCloseNull" classname="br.com.bookrestaurant.entity.restaurant.OpeningHourTest" time="0.001"/>
  <testcase name="testShouldThrowExceptionWhenRegisterDayOpeningHourWithHourOpenNull" classname="br.com.bookrestaurant.entity.restaurant.OpeningHourTest" time="0.001"/>
  <testcase name="testShouldPermitRegisterDayOpeningHour" classname="br.com.bookrestaurant.entity.restaurant.OpeningHourTest" time="0.001"/>
</testsuite>